<?xml version="1.0" encoding="utf-8"?><testsuites name="pytest tests"><testsuite name="pytest" errors="0" failures="0" skipped="0" tests="13" time="10.968" timestamp="2026-06-25T07:52:30.276696+00:00" hostname="agent-env-412b87e8-9b7a-4fb1-a021-515fd9389a52"><testcase classname="backend.tests.test_api.TestHealthEndpoint" name="test_health_returns_200" time="0.132" /><testcase classname="backend.tests.test_api.TestHealthEndpoint" name="test_health_blueprints_loaded_10" time="0.099" /><testcase classname="backend.tests.test_api.TestHealthEndpoint" name="test_health_rules_loaded_90" time="0.094" /><testcase classname="backend.tests.test_api.TestSamplesEndpoint" name="test_samples_returns_200" time="0.093" /><testcase classname="backend.tests.test_api.TestSamplesEndpoint" name="test_samples_returns_11_scenarios" time="0.097" /><testcase classname="backend.tests.test_api.TestIncidentsEndpoint" name="test_incidents_returns_200" time="0.092" /><testcase classname="backend.tests.test_api.TestIncidentsEndpoint" name="test_incidents_returns_10_blueprints" time="0.105" /><testcase classname="backend.tests.test_api.TestAnalyzeEndpoint" name="test_analyze_db_failure_log_returns_200" time="3.009" /><testcase classname="backend.tests.test_api.TestAnalyzeEndpoint" name="test_analyze_db_failure_returns_db_connection_failure" time="1.741" /><testcase classname="backend.tests.test_api.TestAnalyzeEndpoint" name="test_analyze_db_failure_confidence_ge_90" time="1.544" /><testcase classname="backend.tests.test_api.TestAnalyzeEndpoint" name="test_analyze_db_failure_status_confident" time="1.553" /><testcase classname="backend.tests.test_api.TestAnalyzeEndpoint" name="test_analyze_unknown_log_insufficient_evidence" time="0.101" /><testcase classname="backend.tests.test_api.TestAnalyzeEndpoint" name="test_analyze_root_cause_demo_scenario" time="2.232" /></testsuite></testsuites>